<?xml version="1.0" encoding="UTF-8"?>
<!-- Generated by org.testng.reporters.JUnitXMLReporter -->
<testsuite ignored="1" hostname="IN-VKAPPALI-MBP.local" failures="0" tests="1" name="Default test" time="12.164" errors="0" timestamp="2023-08-31T00:08:59 IST">
  <testcase classname="com.sdet.tests.TestCases" name="testFillContactForm" time="12.144"/>
  <testcase classname="com.sdet.tests.TestCases" name="testVerifyTitles" time="0.0">
    <ignored/>
  </testcase> <!-- testVerifyTitles -->
</testsuite> <!-- Default test -->
